Watching for file changes with StatReloader
Performing system checks...

System check identified no issues (0 silenced).
January 30, 2024 - 22:03:54
Django version 4.2, using settings 'bharatBackend_proj.settings'
Starting development server at http://10.128.0.2:8000/
Quit the server with CONTROL-C.

Invalid HTTP_HOST header: '10.128.0.2:8000'. You may need to add '10.128.0.2' to ALLOWED_HOSTS.
Traceback (most recent call last):
  File "/home/uonboard1/.local/lib/python3.9/site-packages/django/core/handlers/exception.py", line 55, in inner
    response = get_response(request)
  File "/home/uonboard1/.local/lib/python3.9/site-packages/django/utils/deprecation.py", line 133, in __call__
    response = self.process_request(request)
  File "/home/uonboard1/.local/lib/python3.9/site-packages/django/middleware/common.py", line 48, in process_request
    host = request.get_host()
  File "/home/uonboard1/.local/lib/python3.9/site-packages/django/http/request.py", line 167, in get_host
    raise DisallowedHost(msg)
django.core.exceptions.DisallowedHost: Invalid HTTP_HOST header: '10.128.0.2:8000'. You may need to add '10.128.0.2' to ALLOWED_HOSTS.
Bad Request: /
[30/Jan/2024 22:09:09] "GET / HTTP/1.1" 400 63626
Invalid HTTP_HOST header: '104.198.24.38:8000'. You may need to add '104.198.24.38' to ALLOWED_HOSTS.
Traceback (most recent call last):
  File "/home/uonboard1/.local/lib/python3.9/site-packages/django/core/handlers/exception.py", line 55, in inner
    response = get_response(request)
  File "/home/uonboard1/.local/lib/python3.9/site-packages/django/utils/deprecation.py", line 133, in __call__
    response = self.process_request(request)
  File "/home/uonboard1/.local/lib/python3.9/site-packages/django/middleware/common.py", line 48, in process_request
    host = request.get_host()
  File "/home/uonboard1/.local/lib/python3.9/site-packages/django/http/request.py", line 167, in get_host
    raise DisallowedHost(msg)
django.core.exceptions.DisallowedHost: Invalid HTTP_HOST header: '104.198.24.38:8000'. You may need to add '104.198.24.38' to ALLOWED_HOSTS.
Bad Request: /
[30/Jan/2024 22:10:47] "GET / HTTP/1.1" 400 64751
Invalid HTTP_HOST header: '104.198.24.38:8000'. You may need to add '104.198.24.38' to ALLOWED_HOSTS.
Traceback (most recent call last):
  File "/home/uonboard1/.local/lib/python3.9/site-packages/django/core/handlers/exception.py", line 55, in inner
    response = get_response(request)
  File "/home/uonboard1/.local/lib/python3.9/site-packages/django/utils/deprecation.py", line 133, in __call__
    response = self.process_request(request)
  File "/home/uonboard1/.local/lib/python3.9/site-packages/django/middleware/common.py", line 48, in process_request
    host = request.get_host()
  File "/home/uonboard1/.local/lib/python3.9/site-packages/django/http/request.py", line 167, in get_host
    raise DisallowedHost(msg)
django.core.exceptions.DisallowedHost: Invalid HTTP_HOST header: '104.198.24.38:8000'. You may need to add '104.198.24.38' to ALLOWED_HOSTS.
Bad Request: /favicon.ico
[30/Jan/2024 22:10:48] "GET /favicon.ico HTTP/1.1" 400 64580
/home/uonboard1/BuildForBharatBackend/bharatBackend_proj/settings.py changed, reloading.
Watching for file changes with StatReloader
Performing system checks...

System check identified no issues (0 silenced).
January 30, 2024 - 22:11:56
Django version 4.2, using settings 'bharatBackend_proj.settings'
Starting development server at http://10.128.0.2:8000/
Quit the server with CONTROL-C.

Watching for file changes with StatReloader
Performing system checks...

System check identified no issues (0 silenced).
Error: That port is already in use.
Watching for file changes with StatReloader
Performing system checks...

System check identified no issues (0 silenced).
Error: That port is already in use.
Watching for file changes with StatReloader
Performing system checks...

System check identified no issues (0 silenced).
January 30, 2024 - 22:13:27
Django version 4.2, using settings 'bharatBackend_proj.settings'
Starting development server at http://10.128.0.2:8000/
Quit the server with CONTROL-C.

[30/Jan/2024 22:13:35] "GET / HTTP/1.1" 200 2152
[30/Jan/2024 22:13:35] "GET /static/drf-yasg/style.css HTTP/1.1" 200 1047
[30/Jan/2024 22:13:36] "GET /static/drf-yasg/insQ.min.js HTTP/1.1" 200 2093
[30/Jan/2024 22:13:36] "GET /static/drf-yasg/immutable.min.js HTTP/1.1" 200 56904
[30/Jan/2024 22:13:36] "GET /static/drf-yasg/swagger-ui-init.js HTTP/1.1" 200 14964
[30/Jan/2024 22:13:36] "GET /static/drf-yasg/swagger-ui-dist/swagger-ui.css HTTP/1.1" 200 145206
[30/Jan/2024 22:13:37] "GET /static/drf-yasg/swagger-ui-dist/swagger-ui-standalone-preset.js HTTP/1.1" 200 322863
[30/Jan/2024 22:13:37] "GET /static/drf-yasg/swagger-ui-dist/swagger-ui-bundle.js HTTP/1.1" 200 1046583
view's GetBusinessView raised exception during schema generation; use `getattr(self, 'swagger_fake_view', False)` to detect and short-circuit this
Traceback (most recent call last):
  File "/home/uonboard1/.local/lib/python3.9/site-packages/drf_yasg/inspectors/base.py", line 42, in call_view_method
    return view_method()
  File "/home/uonboard1/.local/lib/python3.9/site-packages/rest_framework/generics.py", line 108, in get_serializer
    serializer_class = self.get_serializer_class()
  File "/home/uonboard1/.local/lib/python3.9/site-packages/rest_framework/generics.py", line 122, in get_serializer_class
    assert self.serializer_class is not None, (
AssertionError: 'GetBusinessView' should either include a `serializer_class` attribute, or override the `get_serializer_class()` method.
view's GetBusinessView raised exception during schema generation; use `getattr(self, 'swagger_fake_view', False)` to detect and short-circuit this
Traceback (most recent call last):
  File "/home/uonboard1/.local/lib/python3.9/site-packages/drf_yasg/inspectors/base.py", line 42, in call_view_method
    return view_method()
  File "/home/uonboard1/.local/lib/python3.9/site-packages/rest_framework/generics.py", line 108, in get_serializer
    serializer_class = self.get_serializer_class()
  File "/home/uonboard1/.local/lib/python3.9/site-packages/rest_framework/generics.py", line 122, in get_serializer_class
    assert self.serializer_class is not None, (
AssertionError: 'GetBusinessView' should either include a `serializer_class` attribute, or override the `get_serializer_class()` method.
view's GetBusinessView raised exception during schema generation; use `getattr(self, 'swagger_fake_view', False)` to detect and short-circuit this
Traceback (most recent call last):
  File "/home/uonboard1/.local/lib/python3.9/site-packages/drf_yasg/inspectors/base.py", line 42, in call_view_method
    return view_method()
  File "/home/uonboard1/.local/lib/python3.9/site-packages/rest_framework/generics.py", line 108, in get_serializer
    serializer_class = self.get_serializer_class()
  File "/home/uonboard1/.local/lib/python3.9/site-packages/rest_framework/generics.py", line 122, in get_serializer_class
    assert self.serializer_class is not None, (
AssertionError: 'GetBusinessView' should either include a `serializer_class` attribute, or override the `get_serializer_class()` method.
view's BankDetailsView raised exception during schema generation; use `getattr(self, 'swagger_fake_view', False)` to detect and short-circuit this
Traceback (most recent call last):
  File "/home/uonboard1/.local/lib/python3.9/site-packages/drf_yasg/inspectors/base.py", line 42, in call_view_method
    return view_method()
  File "/home/uonboard1/.local/lib/python3.9/site-packages/rest_framework/generics.py", line 108, in get_serializer
    serializer_class = self.get_serializer_class()
  File "/home/uonboard1/.local/lib/python3.9/site-packages/rest_framework/generics.py", line 122, in get_serializer_class
    assert self.serializer_class is not None, (
AssertionError: 'BankDetailsView' should either include a `serializer_class` attribute, or override the `get_serializer_class()` method.
view's BankDetailsView raised exception during schema generation; use `getattr(self, 'swagger_fake_view', False)` to detect and short-circuit this
Traceback (most recent call last):
  File "/home/uonboard1/.local/lib/python3.9/site-packages/drf_yasg/inspectors/base.py", line 42, in call_view_method
    return view_method()
  File "/home/uonboard1/.local/lib/python3.9/site-packages/rest_framework/generics.py", line 108, in get_serializer
    serializer_class = self.get_serializer_class()
  File "/home/uonboard1/.local/lib/python3.9/site-packages/rest_framework/generics.py", line 122, in get_serializer_class
    assert self.serializer_class is not None, (
AssertionError: 'BankDetailsView' should either include a `serializer_class` attribute, or override the `get_serializer_class()` method.
view's SellerDetailsView raised exception during schema generation; use `getattr(self, 'swagger_fake_view', False)` to detect and short-circuit this
Traceback (most recent call last):
  File "/home/uonboard1/.local/lib/python3.9/site-packages/drf_yasg/inspectors/base.py", line 42, in call_view_method
    return view_method()
  File "/home/uonboard1/.local/lib/python3.9/site-packages/rest_framework/generics.py", line 108, in get_serializer
    serializer_class = self.get_serializer_class()
  File "/home/uonboard1/.local/lib/python3.9/site-packages/rest_framework/generics.py", line 122, in get_serializer_class
    assert self.serializer_class is not None, (
AssertionError: 'SellerDetailsView' should either include a `serializer_class` attribute, or override the `get_serializer_class()` method.
view's UpdateBusinessView raised exception during schema generation; use `getattr(self, 'swagger_fake_view', False)` to detect and short-circuit this
Traceback (most recent call last):
  File "/home/uonboard1/.local/lib/python3.9/site-packages/drf_yasg/inspectors/base.py", line 42, in call_view_method
    return view_method()
  File "/home/uonboard1/.local/lib/python3.9/site-packages/rest_framework/generics.py", line 108, in get_serializer
    serializer_class = self.get_serializer_class()
  File "/home/uonboard1/.local/lib/python3.9/site-packages/rest_framework/generics.py", line 122, in get_serializer_class
    assert self.serializer_class is not None, (
AssertionError: 'UpdateBusinessView' should either include a `serializer_class` attribute, or override the `get_serializer_class()` method.
view's UpdateBusinessView raised exception during schema generation; use `getattr(self, 'swagger_fake_view', False)` to detect and short-circuit this
Traceback (most recent call last):
  File "/home/uonboard1/.local/lib/python3.9/site-packages/drf_yasg/inspectors/base.py", line 42, in call_view_method
    return view_method()
  File "/home/uonboard1/.local/lib/python3.9/site-packages/rest_framework/generics.py", line 108, in get_serializer
    serializer_class = self.get_serializer_class()
  File "/home/uonboard1/.local/lib/python3.9/site-packages/rest_framework/generics.py", line 122, in get_serializer_class
    assert self.serializer_class is not None, (
AssertionError: 'UpdateBusinessView' should either include a `serializer_class` attribute, or override the `get_serializer_class()` method.
view's UpdateBusinessView raised exception during schema generation; use `getattr(self, 'swagger_fake_view', False)` to detect and short-circuit this
Traceback (most recent call last):
  File "/home/uonboard1/.local/lib/python3.9/site-packages/drf_yasg/inspectors/base.py", line 42, in call_view_method
    return view_method()
  File "/home/uonboard1/.local/lib/python3.9/site-packages/rest_framework/generics.py", line 108, in get_serializer
    serializer_class = self.get_serializer_class()
  File "/home/uonboard1/.local/lib/python3.9/site-packages/rest_framework/generics.py", line 122, in get_serializer_class
    assert self.serializer_class is not None, (
AssertionError: 'UpdateBusinessView' should either include a `serializer_class` attribute, or override the `get_serializer_class()` method.
view's UpdateGSTDetailsView raised exception during schema generation; use `getattr(self, 'swagger_fake_view', False)` to detect and short-circuit this
Traceback (most recent call last):
  File "/home/uonboard1/.local/lib/python3.9/site-packages/drf_yasg/inspectors/base.py", line 42, in call_view_method
    return view_method()
  File "/home/uonboard1/.local/lib/python3.9/site-packages/rest_framework/generics.py", line 108, in get_serializer
    serializer_class = self.get_serializer_class()
  File "/home/uonboard1/.local/lib/python3.9/site-packages/rest_framework/generics.py", line 122, in get_serializer_class
    assert self.serializer_class is not None, (
AssertionError: 'UpdateGSTDetailsView' should either include a `serializer_class` attribute, or override the `get_serializer_class()` method.
view's UpdateGSTDetailsView raised exception during schema generation; use `getattr(self, 'swagger_fake_view', False)` to detect and short-circuit this
Traceback (most recent call last):
  File "/home/uonboard1/.local/lib/python3.9/site-packages/drf_yasg/inspectors/base.py", line 42, in call_view_method
    return view_method()
  File "/home/uonboard1/.local/lib/python3.9/site-packages/rest_framework/generics.py", line 108, in get_serializer
    serializer_class = self.get_serializer_class()
  File "/home/uonboard1/.local/lib/python3.9/site-packages/rest_framework/generics.py", line 122, in get_serializer_class
    assert self.serializer_class is not None, (
AssertionError: 'UpdateGSTDetailsView' should either include a `serializer_class` attribute, or override the `get_serializer_class()` method.
view's UploadGSTCertificateView raised exception during schema generation; use `getattr(self, 'swagger_fake_view', False)` to detect and short-circuit this
Traceback (most recent call last):
  File "/home/uonboard1/.local/lib/python3.9/site-packages/drf_yasg/inspectors/base.py", line 42, in call_view_method
    return view_method()
  File "/home/uonboard1/.local/lib/python3.9/site-packages/rest_framework/generics.py", line 108, in get_serializer
    serializer_class = self.get_serializer_class()
  File "/home/uonboard1/.local/lib/python3.9/site-packages/rest_framework/generics.py", line 122, in get_serializer_class
    assert self.serializer_class is not None, (
AssertionError: 'UploadGSTCertificateView' should either include a `serializer_class` attribute, or override the `get_serializer_class()` method.
view's UploadGSTCertificateView raised exception during schema generation; use `getattr(self, 'swagger_fake_view', False)` to detect and short-circuit this
Traceback (most recent call last):
  File "/home/uonboard1/.local/lib/python3.9/site-packages/drf_yasg/inspectors/base.py", line 42, in call_view_method
    return view_method()
  File "/home/uonboard1/.local/lib/python3.9/site-packages/rest_framework/generics.py", line 108, in get_serializer
    serializer_class = self.get_serializer_class()
  File "/home/uonboard1/.local/lib/python3.9/site-packages/rest_framework/generics.py", line 122, in get_serializer_class
    assert self.serializer_class is not None, (
AssertionError: 'UploadGSTCertificateView' should either include a `serializer_class` attribute, or override the `get_serializer_class()` method.
view's UserDetailsView raised exception during schema generation; use `getattr(self, 'swagger_fake_view', False)` to detect and short-circuit this
Traceback (most recent call last):
  File "/home/uonboard1/.local/lib/python3.9/site-packages/drf_yasg/inspectors/base.py", line 42, in call_view_method
    return view_method()
  File "/home/uonboard1/.local/lib/python3.9/site-packages/rest_framework/generics.py", line 108, in get_serializer
    serializer_class = self.get_serializer_class()
  File "/home/uonboard1/.local/lib/python3.9/site-packages/rest_framework/generics.py", line 122, in get_serializer_class
    assert self.serializer_class is not None, (
AssertionError: 'UserDetailsView' should either include a `serializer_class` attribute, or override the `get_serializer_class()` method.
view's VerifyOTP raised exception during schema generation; use `getattr(self, 'swagger_fake_view', False)` to detect and short-circuit this
Traceback (most recent call last):
  File "/home/uonboard1/.local/lib/python3.9/site-packages/drf_yasg/inspectors/base.py", line 42, in call_view_method
    return view_method()
  File "/home/uonboard1/.local/lib/python3.9/site-packages/rest_framework/generics.py", line 108, in get_serializer
    serializer_class = self.get_serializer_class()
  File "/home/uonboard1/.local/lib/python3.9/site-packages/rest_framework/generics.py", line 122, in get_serializer_class
    assert self.serializer_class is not None, (
AssertionError: 'VerifyOTP' should either include a `serializer_class` attribute, or override the `get_serializer_class()` method.
view's VerifyOTP raised exception during schema generation; use `getattr(self, 'swagger_fake_view', False)` to detect and short-circuit this
Traceback (most recent call last):
  File "/home/uonboard1/.local/lib/python3.9/site-packages/drf_yasg/inspectors/base.py", line 42, in call_view_method
    return view_method()
  File "/home/uonboard1/.local/lib/python3.9/site-packages/rest_framework/generics.py", line 108, in get_serializer
    serializer_class = self.get_serializer_class()
  File "/home/uonboard1/.local/lib/python3.9/site-packages/rest_framework/generics.py", line 122, in get_serializer_class
    assert self.serializer_class is not None, (
AssertionError: 'VerifyOTP' should either include a `serializer_class` attribute, or override the `get_serializer_class()` method.
[30/Jan/2024 22:13:38] "GET /?format=openapi HTTP/1.1" 200 8264
[30/Jan/2024 22:13:38] "GET /static/drf-yasg/swagger-ui-dist/favicon-32x32.png HTTP/1.1" 200 628
view's GetBusinessView raised exception during schema generation; use `getattr(self, 'swagger_fake_view', False)` to detect and short-circuit this
Traceback (most recent call last):
  File "/home/uonboard1/.local/lib/python3.9/site-packages/drf_yasg/inspectors/base.py", line 42, in call_view_method
    return view_method()
  File "/home/uonboard1/.local/lib/python3.9/site-packages/rest_framework/generics.py", line 108, in get_serializer
    serializer_class = self.get_serializer_class()
  File "/home/uonboard1/.local/lib/python3.9/site-packages/rest_framework/generics.py", line 122, in get_serializer_class
    assert self.serializer_class is not None, (
AssertionError: 'GetBusinessView' should either include a `serializer_class` attribute, or override the `get_serializer_class()` method.
view's GetBusinessView raised exception during schema generation; use `getattr(self, 'swagger_fake_view', False)` to detect and short-circuit this
Traceback (most recent call last):
  File "/home/uonboard1/.local/lib/python3.9/site-packages/drf_yasg/inspectors/base.py", line 42, in call_view_method
    return view_method()
  File "/home/uonboard1/.local/lib/python3.9/site-packages/rest_framework/generics.py", line 108, in get_serializer
    serializer_class = self.get_serializer_class()
  File "/home/uonboard1/.local/lib/python3.9/site-packages/rest_framework/generics.py", line 122, in get_serializer_class
    assert self.serializer_class is not None, (
AssertionError: 'GetBusinessView' should either include a `serializer_class` attribute, or override the `get_serializer_class()` method.
view's GetBusinessView raised exception during schema generation; use `getattr(self, 'swagger_fake_view', False)` to detect and short-circuit this
Traceback (most recent call last):
  File "/home/uonboard1/.local/lib/python3.9/site-packages/drf_yasg/inspectors/base.py", line 42, in call_view_method
    return view_method()
  File "/home/uonboard1/.local/lib/python3.9/site-packages/rest_framework/generics.py", line 108, in get_serializer
    serializer_class = self.get_serializer_class()
  File "/home/uonboard1/.local/lib/python3.9/site-packages/rest_framework/generics.py", line 122, in get_serializer_class
    assert self.serializer_class is not None, (
AssertionError: 'GetBusinessView' should either include a `serializer_class` attribute, or override the `get_serializer_class()` method.
view's BankDetailsView raised exception during schema generation; use `getattr(self, 'swagger_fake_view', False)` to detect and short-circuit this
Traceback (most recent call last):
  File "/home/uonboard1/.local/lib/python3.9/site-packages/drf_yasg/inspectors/base.py", line 42, in call_view_method
    return view_method()
  File "/home/uonboard1/.local/lib/python3.9/site-packages/rest_framework/generics.py", line 108, in get_serializer
    serializer_class = self.get_serializer_class()
  File "/home/uonboard1/.local/lib/python3.9/site-packages/rest_framework/generics.py", line 122, in get_serializer_class
    assert self.serializer_class is not None, (
AssertionError: 'BankDetailsView' should either include a `serializer_class` attribute, or override the `get_serializer_class()` method.
view's BankDetailsView raised exception during schema generation; use `getattr(self, 'swagger_fake_view', False)` to detect and short-circuit this
Traceback (most recent call last):
  File "/home/uonboard1/.local/lib/python3.9/site-packages/drf_yasg/inspectors/base.py", line 42, in call_view_method
    return view_method()
  File "/home/uonboard1/.local/lib/python3.9/site-packages/rest_framework/generics.py", line 108, in get_serializer
    serializer_class = self.get_serializer_class()
  File "/home/uonboard1/.local/lib/python3.9/site-packages/rest_framework/generics.py", line 122, in get_serializer_class
    assert self.serializer_class is not None, (
AssertionError: 'BankDetailsView' should either include a `serializer_class` attribute, or override the `get_serializer_class()` method.
view's SellerDetailsView raised exception during schema generation; use `getattr(self, 'swagger_fake_view', False)` to detect and short-circuit this
Traceback (most recent call last):
  File "/home/uonboard1/.local/lib/python3.9/site-packages/drf_yasg/inspectors/base.py", line 42, in call_view_method
    return view_method()
  File "/home/uonboard1/.local/lib/python3.9/site-packages/rest_framework/generics.py", line 108, in get_serializer
    serializer_class = self.get_serializer_class()
  File "/home/uonboard1/.local/lib/python3.9/site-packages/rest_framework/generics.py", line 122, in get_serializer_class
    assert self.serializer_class is not None, (
AssertionError: 'SellerDetailsView' should either include a `serializer_class` attribute, or override the `get_serializer_class()` method.
view's UpdateBusinessView raised exception during schema generation; use `getattr(self, 'swagger_fake_view', False)` to detect and short-circuit this
Traceback (most recent call last):
  File "/home/uonboard1/.local/lib/python3.9/site-packages/drf_yasg/inspectors/base.py", line 42, in call_view_method
    return view_method()
  File "/home/uonboard1/.local/lib/python3.9/site-packages/rest_framework/generics.py", line 108, in get_serializer
    serializer_class = self.get_serializer_class()
  File "/home/uonboard1/.local/lib/python3.9/site-packages/rest_framework/generics.py", line 122, in get_serializer_class
    assert self.serializer_class is not None, (
AssertionError: 'UpdateBusinessView' should either include a `serializer_class` attribute, or override the `get_serializer_class()` method.
view's UpdateBusinessView raised exception during schema generation; use `getattr(self, 'swagger_fake_view', False)` to detect and short-circuit this
Traceback (most recent call last):
  File "/home/uonboard1/.local/lib/python3.9/site-packages/drf_yasg/inspectors/base.py", line 42, in call_view_method
    return view_method()
  File "/home/uonboard1/.local/lib/python3.9/site-packages/rest_framework/generics.py", line 108, in get_serializer
    serializer_class = self.get_serializer_class()
  File "/home/uonboard1/.local/lib/python3.9/site-packages/rest_framework/generics.py", line 122, in get_serializer_class
    assert self.serializer_class is not None, (
AssertionError: 'UpdateBusinessView' should either include a `serializer_class` attribute, or override the `get_serializer_class()` method.
view's UpdateBusinessView raised exception during schema generation; use `getattr(self, 'swagger_fake_view', False)` to detect and short-circuit this
Traceback (most recent call last):
  File "/home/uonboard1/.local/lib/python3.9/site-packages/drf_yasg/inspectors/base.py", line 42, in call_view_method
    return view_method()
  File "/home/uonboard1/.local/lib/python3.9/site-packages/rest_framework/generics.py", line 108, in get_serializer
    serializer_class = self.get_serializer_class()
  File "/home/uonboard1/.local/lib/python3.9/site-packages/rest_framework/generics.py", line 122, in get_serializer_class
    assert self.serializer_class is not None, (
AssertionError: 'UpdateBusinessView' should either include a `serializer_class` attribute, or override the `get_serializer_class()` method.
view's UpdateGSTDetailsView raised exception during schema generation; use `getattr(self, 'swagger_fake_view', False)` to detect and short-circuit this
Traceback (most recent call last):
  File "/home/uonboard1/.local/lib/python3.9/site-packages/drf_yasg/inspectors/base.py", line 42, in call_view_method
    return view_method()
  File "/home/uonboard1/.local/lib/python3.9/site-packages/rest_framework/generics.py", line 108, in get_serializer
    serializer_class = self.get_serializer_class()
  File "/home/uonboard1/.local/lib/python3.9/site-packages/rest_framework/generics.py", line 122, in get_serializer_class
    assert self.serializer_class is not None, (
AssertionError: 'UpdateGSTDetailsView' should either include a `serializer_class` attribute, or override the `get_serializer_class()` method.
view's UpdateGSTDetailsView raised exception during schema generation; use `getattr(self, 'swagger_fake_view', False)` to detect and short-circuit this
Traceback (most recent call last):
  File "/home/uonboard1/.local/lib/python3.9/site-packages/drf_yasg/inspectors/base.py", line 42, in call_view_method
    return view_method()
  File "/home/uonboard1/.local/lib/python3.9/site-packages/rest_framework/generics.py", line 108, in get_serializer
    serializer_class = self.get_serializer_class()
  File "/home/uonboard1/.local/lib/python3.9/site-packages/rest_framework/generics.py", line 122, in get_serializer_class
    assert self.serializer_class is not None, (
AssertionError: 'UpdateGSTDetailsView' should either include a `serializer_class` attribute, or override the `get_serializer_class()` method.
view's UploadGSTCertificateView raised exception during schema generation; use `getattr(self, 'swagger_fake_view', False)` to detect and short-circuit this
Traceback (most recent call last):
  File "/home/uonboard1/.local/lib/python3.9/site-packages/drf_yasg/inspectors/base.py", line 42, in call_view_method
    return view_method()
  File "/home/uonboard1/.local/lib/python3.9/site-packages/rest_framework/generics.py", line 108, in get_serializer
    serializer_class = self.get_serializer_class()
  File "/home/uonboard1/.local/lib/python3.9/site-packages/rest_framework/generics.py", line 122, in get_serializer_class
    assert self.serializer_class is not None, (
AssertionError: 'UploadGSTCertificateView' should either include a `serializer_class` attribute, or override the `get_serializer_class()` method.
view's UploadGSTCertificateView raised exception during schema generation; use `getattr(self, 'swagger_fake_view', False)` to detect and short-circuit this
Traceback (most recent call last):
  File "/home/uonboard1/.local/lib/python3.9/site-packages/drf_yasg/inspectors/base.py", line 42, in call_view_method
    return view_method()
  File "/home/uonboard1/.local/lib/python3.9/site-packages/rest_framework/generics.py", line 108, in get_serializer
    serializer_class = self.get_serializer_class()
  File "/home/uonboard1/.local/lib/python3.9/site-packages/rest_framework/generics.py", line 122, in get_serializer_class
    assert self.serializer_class is not None, (
AssertionError: 'UploadGSTCertificateView' should either include a `serializer_class` attribute, or override the `get_serializer_class()` method.
view's UserDetailsView raised exception during schema generation; use `getattr(self, 'swagger_fake_view', False)` to detect and short-circuit this
Traceback (most recent call last):
  File "/home/uonboard1/.local/lib/python3.9/site-packages/drf_yasg/inspectors/base.py", line 42, in call_view_method
    return view_method()
  File "/home/uonboard1/.local/lib/python3.9/site-packages/rest_framework/generics.py", line 108, in get_serializer
    serializer_class = self.get_serializer_class()
  File "/home/uonboard1/.local/lib/python3.9/site-packages/rest_framework/generics.py", line 122, in get_serializer_class
    assert self.serializer_class is not None, (
AssertionError: 'UserDetailsView' should either include a `serializer_class` attribute, or override the `get_serializer_class()` method.
view's VerifyOTP raised exception during schema generation; use `getattr(self, 'swagger_fake_view', False)` to detect and short-circuit this
Traceback (most recent call last):
  File "/home/uonboard1/.local/lib/python3.9/site-packages/drf_yasg/inspectors/base.py", line 42, in call_view_method
    return view_method()
  File "/home/uonboard1/.local/lib/python3.9/site-packages/rest_framework/generics.py", line 108, in get_serializer
    serializer_class = self.get_serializer_class()
  File "/home/uonboard1/.local/lib/python3.9/site-packages/rest_framework/generics.py", line 122, in get_serializer_class
    assert self.serializer_class is not None, (
AssertionError: 'VerifyOTP' should either include a `serializer_class` attribute, or override the `get_serializer_class()` method.
view's VerifyOTP raised exception during schema generation; use `getattr(self, 'swagger_fake_view', False)` to detect and short-circuit this
Traceback (most recent call last):
  File "/home/uonboard1/.local/lib/python3.9/site-packages/drf_yasg/inspectors/base.py", line 42, in call_view_method
    return view_method()
  File "/home/uonboard1/.local/lib/python3.9/site-packages/rest_framework/generics.py", line 108, in get_serializer
    serializer_class = self.get_serializer_class()
  File "/home/uonboard1/.local/lib/python3.9/site-packages/rest_framework/generics.py", line 122, in get_serializer_class
    assert self.serializer_class is not None, (
AssertionError: 'VerifyOTP' should either include a `serializer_class` attribute, or override the `get_serializer_class()` method.
[30/Jan/2024 22:13:38] "GET /?format=openapi HTTP/1.1" 200 8264
